<?xml version="1.0" encoding="UTF-8"?>
<!-- Generated by org.testng.reporters.JUnitReportReporter -->
<testsuite hostname="Mayank-PC" name="Selenium.Test.Selenium.AppTest" tests="1" failures="0" timestamp="24 Sep 2017 18:50:20 GMT" time="7.275" errors="0">
  <testcase name="test1" time="7.275" classname="Selenium.Test.Selenium.AppTest"/>
</testsuite> <!-- Selenium.Test.Selenium.AppTest -->
